[debug] [2021-05-11T08:20:36.505Z] ----------------------------------------------------------------------
[debug] [2021-05-11T08:20:36.508Z] Command:       C:\Program Files\nodejs\node.exe C:\Users\Prashanth\AppData\Roaming\npm\node_modules\firebase-tools\lib\bin\firebase.js emulators:start
[debug] [2021-05-11T08:20:36.508Z] CLI Version:   8.10.0
[debug] [2021-05-11T08:20:36.508Z] Platform:      win32
[debug] [2021-05-11T08:20:36.508Z] Node Version:  v12.16.2
[debug] [2021-05-11T08:20:36.510Z] Time:          Tue May 11 2021 13:50:36 GMT+0530 (India Standard Time)
[debug] [2021-05-11T08:20:36.510Z] ----------------------------------------------------------------------
[debug] [2021-05-11T08:20:36.510Z] 
[debug] [2021-05-11T08:20:36.521Z] > command requires scopes: ["email","openid","https://www.googleapis.com/auth/cloudplatformprojects.readonly","https://www.googleapis.com/auth/firebase","https://www.googleapis.com/auth/cloud-platform"]
[debug] [2021-05-11T08:20:36.522Z] > authorizing via signed-in user
[info] i  emulators: Starting emulators: functions, hosting {"metadata":{"emulator":{"name":"hub"},"message":"Starting emulators: functions, hosting"}}
[debug] [2021-05-11T08:20:38.604Z] [hub] writing locator at C:\Users\PRASHA~1\AppData\Local\Temp\hub-clone-58609.json
[warn] !  functions: The following emulators are not running, calls to these services from the Functions emulator will affect production: firestore, database, pubsub {"metadata":{"emulator":{"name":"functions"},"message":"The following emulators are not running, calls to these services from the Functions emulator will affect production: \u001b[1mfirestore, database, pubsub\u001b[22m"}}
[warn] !  Your requested "node" version "10" doesn't match your global version "12" {"metadata":{"emulator":{"name":"functions"},"message":"Your requested \"node\" version \"10\" doesn't match your global version \"12\""}}
[debug] [2021-05-11T08:20:40.680Z] defaultcredentials: writing to file C:\Users\Prashanth\AppData\Roaming\firebase\prashanthp0703_gmail_com_application_default_credentials.json
[debug] [2021-05-11T08:20:40.682Z] Setting GAC to C:\Users\Prashanth\AppData\Roaming\firebase\prashanthp0703_gmail_com_application_default_credentials.json {"metadata":{"emulator":{"name":"functions"},"message":"Setting GAC to C:\\Users\\Prashanth\\AppData\\Roaming\\firebase\\prashanthp0703_gmail_com_application_default_credentials.json"}}
[debug] [2021-05-11T08:20:47.740Z] >>> HTTP REQUEST GET https://firebase.googleapis.com/v1beta1/projects/clone-58609/webApps/-/config  
 
[debug] [2021-05-11T08:20:49.006Z] <<< HTTP RESPONSE 200 {"content-type":"application/json; charset=UTF-8","vary":"X-Origin, Referer, Origin,Accept-Encoding","date":"Tue, 11 May 2021 08:20:47 GMT","server":"ESF","cache-control":"private","x-xss-protection":"0","x-frame-options":"SAMEORIGIN","x-content-type-options":"nosniff","alt-svc":"h3-29=\":443\"; ma=2592000,h3-T051=\":443\"; ma=2592000,h3-Q050=\":443\"; ma=2592000,h3-Q046=\":443\"; ma=2592000,h3-Q043=\":443\"; ma=2592000,quic=\":443\"; ma=2592000; v=\"46,43\"","accept-ranges":"none","transfer-encoding":"chunked"}
[info] i  hosting: Serving hosting files from: build {"metadata":{"emulator":{"name":"hosting"},"message":"Serving hosting files from: \u001b[1mbuild\u001b[22m"}}
[info] +  hosting: Local server: http://localhost:5000 {"metadata":{"emulator":{"name":"hosting"},"message":"Local server: \u001b[4m\u001b[1mhttp://localhost:5000\u001b[22m\u001b[24m"}}
[warn] !  ui: Emulator UI unable to start on port 4000, starting on 4001 instead. {"metadata":{"emulator":{"name":"ui"},"message":"Emulator UI unable to start on port 4000, starting on 4001 instead."}}
[debug] [2021-05-11T08:20:51.113Z] Ignoring unsupported arg: auto_download {"metadata":{"emulator":{"name":"ui"},"message":"Ignoring unsupported arg: auto_download"}}
[debug] [2021-05-11T08:20:51.113Z] Ignoring unsupported arg: port {"metadata":{"emulator":{"name":"ui"},"message":"Ignoring unsupported arg: port"}}
[debug] [2021-05-11T08:20:51.114Z] Starting Emulator UI with command {"binary":"node","args":["C:\\Users\\Prashanth\\.cache\\firebase\\emulators\\ui-v1.1.1\\server.bundle.js"],"optionalArgs":[],"joinArgs":false} {"metadata":{"emulator":{"name":"ui"},"message":"Starting Emulator UI with command {\"binary\":\"node\",\"args\":[\"C:\\\\Users\\\\Prashanth\\\\.cache\\\\firebase\\\\emulators\\\\ui-v1.1.1\\\\server.bundle.js\"],\"optionalArgs\":[],\"joinArgs\":false}"}}
[info] i  ui: Emulator UI logging to ui-debug.log {"metadata":{"emulator":{"name":"ui"},"message":"Emulator UI logging to \u001b[1mui-debug.log\u001b[22m"}}
[debug] [2021-05-11T08:20:51.290Z] Web / API server started at http://localhost:4001
 {"metadata":{"emulator":{"name":"ui"},"message":"Web / API server started at http://localhost:4001\n"}}
[info] i  functions: Watching "D:\amazon_clone\amazon-clone\functions" for Cloud Functions... {"metadata":{"emulator":{"name":"functions"},"message":"Watching \"D:\\amazon_clone\\amazon-clone\\functions\" for Cloud Functions..."}}
[debug] [2021-05-11T08:20:51.680Z] [worker-pool] addWorker(~diagnostic~) {"metadata":{"emulator":{"name":"functions"},"message":"[worker-pool] addWorker(~diagnostic~)"}}
[debug] [2021-05-11T08:20:51.680Z] [worker-pool] Adding worker with key ~diagnostic~, total=1 {"metadata":{"emulator":{"name":"functions"},"message":"[worker-pool] Adding worker with key ~diagnostic~, total=1"}}
[debug] [2021-05-11T08:20:51.680Z] [worker-pool] submitWork(triggerId=) {"metadata":{"emulator":{"name":"functions"},"message":"[worker-pool] submitWork(triggerId=)"}}
[debug] [2021-05-11T08:20:51.681Z] [worker-~diagnostic~-c8bc110e-a3e0-4a42-8493-72feaac1be57]: Assigning socketPath: \\?\pipe\D:\amazon_clone\amazon-clone\functions\18676 {"metadata":{"emulator":{"name":"functions"},"message":"[worker-~diagnostic~-c8bc110e-a3e0-4a42-8493-72feaac1be57]: Assigning socketPath: \\\\?\\pipe\\D:\\amazon_clone\\amazon-clone\\functions\\18676"}}
[debug] [2021-05-11T08:20:51.681Z] [worker-~diagnostic~-c8bc110e-a3e0-4a42-8493-72feaac1be57]: BUSY {"metadata":{"emulator":{"name":"functions"},"message":"[worker-~diagnostic~-c8bc110e-a3e0-4a42-8493-72feaac1be57]: BUSY"}}
[debug] [2021-05-11T08:20:52.255Z] [runtime-status] [18676] Functions runtime initialized. {"cwd":"D:\\amazon_clone\\amazon-clone\\functions","node_version":"12.16.2"} {"metadata":{"emulator":{"name":"functions"},"message":"[runtime-status] [18676] Functions runtime initialized. {\"cwd\":\"D:\\\\amazon_clone\\\\amazon-clone\\\\functions\",\"node_version\":\"12.16.2\"}"}}
[debug] [2021-05-11T08:20:52.256Z] [runtime-status] [18676] Disabled runtime features: undefined {"metadata":{"emulator":{"name":"functions"},"message":"[runtime-status] [18676] Disabled runtime features: undefined"}}
[debug] [2021-05-11T08:20:52.261Z] [runtime-status] [18676] Resolved module firebase-admin {"declared":true,"installed":true,"version":"8.13.0","resolution":"D:\\amazon_clone\\amazon-clone\\functions\\node_modules\\firebase-admin\\lib\\index.js"} {"metadata":{"emulator":{"name":"functions"},"message":"[runtime-status] [18676] Resolved module firebase-admin {\"declared\":true,\"installed\":true,\"version\":\"8.13.0\",\"resolution\":\"D:\\\\amazon_clone\\\\amazon-clone\\\\functions\\\\node_modules\\\\firebase-admin\\\\lib\\\\index.js\"}"}}
[debug] [2021-05-11T08:20:52.265Z] [runtime-status] [18676] Resolved module firebase-functions {"declared":true,"installed":true,"version":"3.13.2","resolution":"D:\\amazon_clone\\amazon-clone\\functions\\node_modules\\firebase-functions\\lib\\index.js"} {"metadata":{"emulator":{"name":"functions"},"message":"[runtime-status] [18676] Resolved module firebase-functions {\"declared\":true,\"installed\":true,\"version\":\"3.13.2\",\"resolution\":\"D:\\\\amazon_clone\\\\amazon-clone\\\\functions\\\\node_modules\\\\firebase-functions\\\\lib\\\\index.js\"}"}}
[debug] [2021-05-11T08:20:52.266Z] [runtime-status] [18676] Resolved module firebase-functions {"declared":true,"installed":true,"version":"3.13.2","resolution":"D:\\amazon_clone\\amazon-clone\\functions\\node_modules\\firebase-functions\\lib\\index.js"} {"metadata":{"emulator":{"name":"functions"},"message":"[runtime-status] [18676] Resolved module firebase-functions {\"declared\":true,\"installed\":true,\"version\":\"3.13.2\",\"resolution\":\"D:\\\\amazon_clone\\\\amazon-clone\\\\functions\\\\node_modules\\\\firebase-functions\\\\lib\\\\index.js\"}"}}
[debug] [2021-05-11T08:20:52.268Z] [runtime-status] [18676] Outgoing network have been stubbed. [{"name":"http","status":"mocked"},{"name":"http","status":"mocked"},{"name":"https","status":"mocked"},{"name":"https","status":"mocked"},{"name":"net","status":"mocked"}] {"metadata":{"emulator":{"name":"functions"},"message":"[runtime-status] [18676] Outgoing network have been stubbed. [{\"name\":\"http\",\"status\":\"mocked\"},{\"name\":\"http\",\"status\":\"mocked\"},{\"name\":\"https\",\"status\":\"mocked\"},{\"name\":\"https\",\"status\":\"mocked\"},{\"name\":\"net\",\"status\":\"mocked\"}]"}}
[debug] [2021-05-11T08:20:52.269Z] [runtime-status] [18676] Resolved module firebase-functions {"declared":true,"installed":true,"version":"3.13.2","resolution":"D:\\amazon_clone\\amazon-clone\\functions\\node_modules\\firebase-functions\\lib\\index.js"} {"metadata":{"emulator":{"name":"functions"},"message":"[runtime-status] [18676] Resolved module firebase-functions {\"declared\":true,\"installed\":true,\"version\":\"3.13.2\",\"resolution\":\"D:\\\\amazon_clone\\\\amazon-clone\\\\functions\\\\node_modules\\\\firebase-functions\\\\lib\\\\index.js\"}"}}
[debug] [2021-05-11T08:20:52.328Z] [runtime-status] [18676] Checked functions.config() {"config":{}} {"metadata":{"emulator":{"name":"functions"},"message":"[runtime-status] [18676] Checked functions.config() {\"config\":{}}"}}
[debug] [2021-05-11T08:20:52.328Z] [runtime-status] [18676] firebase-functions has been stubbed. {"functionsResolution":{"declared":true,"installed":true,"version":"3.13.2","resolution":"D:\\amazon_clone\\amazon-clone\\functions\\node_modules\\firebase-functions\\lib\\index.js"}} {"metadata":{"emulator":{"name":"functions"},"message":"[runtime-status] [18676] firebase-functions has been stubbed. {\"functionsResolution\":{\"declared\":true,\"installed\":true,\"version\":\"3.13.2\",\"resolution\":\"D:\\\\amazon_clone\\\\amazon-clone\\\\functions\\\\node_modules\\\\firebase-functions\\\\lib\\\\index.js\"}}"}}
[debug] [2021-05-11T08:20:52.329Z] [runtime-status] [18676] Resolved module firebase-functions {"declared":true,"installed":true,"version":"3.13.2","resolution":"D:\\amazon_clone\\amazon-clone\\functions\\node_modules\\firebase-functions\\lib\\index.js"} {"metadata":{"emulator":{"name":"functions"},"message":"[runtime-status] [18676] Resolved module firebase-functions {\"declared\":true,\"installed\":true,\"version\":\"3.13.2\",\"resolution\":\"D:\\\\amazon_clone\\\\amazon-clone\\\\functions\\\\node_modules\\\\firebase-functions\\\\lib\\\\index.js\"}"}}
[debug] [2021-05-11T08:20:52.330Z] [runtime-status] [18676] Resolved module firebase-admin {"declared":true,"installed":true,"version":"8.13.0","resolution":"D:\\amazon_clone\\amazon-clone\\functions\\node_modules\\firebase-admin\\lib\\index.js"} {"metadata":{"emulator":{"name":"functions"},"message":"[runtime-status] [18676] Resolved module firebase-admin {\"declared\":true,\"installed\":true,\"version\":\"8.13.0\",\"resolution\":\"D:\\\\amazon_clone\\\\amazon-clone\\\\functions\\\\node_modules\\\\firebase-admin\\\\lib\\\\index.js\"}"}}
[debug] [2021-05-11T08:20:52.331Z] [runtime-status] [18676] Resolved module firebase-functions {"declared":true,"installed":true,"version":"3.13.2","resolution":"D:\\amazon_clone\\amazon-clone\\functions\\node_modules\\firebase-functions\\lib\\index.js"} {"metadata":{"emulator":{"name":"functions"},"message":"[runtime-status] [18676] Resolved module firebase-functions {\"declared\":true,\"installed\":true,\"version\":\"3.13.2\",\"resolution\":\"D:\\\\amazon_clone\\\\amazon-clone\\\\functions\\\\node_modules\\\\firebase-functions\\\\lib\\\\index.js\"}"}}
[debug] [2021-05-11T08:20:52.331Z] [runtime-status] [18676] firebase-admin has been stubbed. {"adminResolution":{"declared":true,"installed":true,"version":"8.13.0","resolution":"D:\\amazon_clone\\amazon-clone\\functions\\node_modules\\firebase-admin\\lib\\index.js"}} {"metadata":{"emulator":{"name":"functions"},"message":"[runtime-status] [18676] firebase-admin has been stubbed. {\"adminResolution\":{\"declared\":true,\"installed\":true,\"version\":\"8.13.0\",\"resolution\":\"D:\\\\amazon_clone\\\\amazon-clone\\\\functions\\\\node_modules\\\\firebase-admin\\\\lib\\\\index.js\"}}"}}
[info] +  functions[api]: http function initialized (http://localhost:5001/clone-58609/us-central1/api). {"metadata":{"emulator":{"name":"functions"},"message":"\u001b[1mhttp\u001b[22m function initialized (http://localhost:5001/clone-58609/us-central1/api)."}}
[info] 
┌───────────────────────────────────────────────────────────────────────┐
│ ✔  All emulators ready! View status and logs at http://localhost:4001 │
└───────────────────────────────────────────────────────────────────────┘

┌───────────┬────────────────┬─────────────────────────────────┐
│ Emulator  │ Host:Port      │ View in Emulator UI             │
├───────────┼────────────────┼─────────────────────────────────┤
│ Functions │ localhost:5001 │ http://localhost:4001/functions │
├───────────┼────────────────┼─────────────────────────────────┤
│ Hosting   │ localhost:5000 │ n/a                             │
└───────────┴────────────────┴─────────────────────────────────┘
  Other reserved ports: 4400, 4500

Issues? Report them at https://github.com/firebase/firebase-tools/issues and attach the *-debug.log files.
 
[debug] [2021-05-11T08:20:52.558Z] [worker-~diagnostic~-c8bc110e-a3e0-4a42-8493-72feaac1be57]: IDLE {"metadata":{"emulator":{"name":"functions"},"message":"[worker-~diagnostic~-c8bc110e-a3e0-4a42-8493-72feaac1be57]: IDLE"}}
[debug] [2021-05-11T08:20:55.969Z] [work-queue] {"queueLength":1,"workRunningCount":0}
[debug] [2021-05-11T08:20:55.970Z] [work-queue] {"queueLength":0,"workRunningCount":1}
[debug] [2021-05-11T08:20:55.970Z] Accepted request POST /clone-58609/us-central1/api/payments/create?total=899 --> api
[debug] [2021-05-11T08:20:55.984Z] [worker-pool] addWorker(api) {"metadata":{"emulator":{"name":"functions"},"message":"[worker-pool] addWorker(api)"}}
[debug] [2021-05-11T08:20:55.984Z] [worker-pool] Adding worker with key api, total=1 {"metadata":{"emulator":{"name":"functions"},"message":"[worker-pool] Adding worker with key api, total=1"}}
[debug] [2021-05-11T08:20:55.984Z] [worker-pool] submitWork(triggerId=api) {"metadata":{"emulator":{"name":"functions"},"message":"[worker-pool] submitWork(triggerId=api)"}}
[debug] [2021-05-11T08:20:55.984Z] [worker-api-f96a011f-4f87-468f-a132-940253e2105e]: Assigning socketPath: \\?\pipe\D:\amazon_clone\amazon-clone\functions\15708 {"metadata":{"emulator":{"name":"functions"},"message":"[worker-api-f96a011f-4f87-468f-a132-940253e2105e]: Assigning socketPath: \\\\?\\pipe\\D:\\amazon_clone\\amazon-clone\\functions\\15708"}}
[debug] [2021-05-11T08:20:55.984Z] [worker-api-f96a011f-4f87-468f-a132-940253e2105e]: BUSY {"metadata":{"emulator":{"name":"functions"},"message":"[worker-api-f96a011f-4f87-468f-a132-940253e2105e]: BUSY"}}
[debug] [2021-05-11T08:20:56.582Z] [runtime-status] [15708] Functions runtime initialized. {"cwd":"D:\\amazon_clone\\amazon-clone\\functions","node_version":"12.16.2"} {"metadata":{"emulator":{"name":"functions"},"function":{"name":"api"},"message":"[runtime-status] [15708] Functions runtime initialized. {\"cwd\":\"D:\\\\amazon_clone\\\\amazon-clone\\\\functions\",\"node_version\":\"12.16.2\"}"}}
[debug] [2021-05-11T08:20:56.586Z] [runtime-status] [15708] Disabled runtime features: undefined {"metadata":{"emulator":{"name":"functions"},"function":{"name":"api"},"message":"[runtime-status] [15708] Disabled runtime features: undefined"}}
[debug] [2021-05-11T08:20:56.593Z] [runtime-status] [15708] Resolved module firebase-admin {"declared":true,"installed":true,"version":"8.13.0","resolution":"D:\\amazon_clone\\amazon-clone\\functions\\node_modules\\firebase-admin\\lib\\index.js"} {"metadata":{"emulator":{"name":"functions"},"function":{"name":"api"},"message":"[runtime-status] [15708] Resolved module firebase-admin {\"declared\":true,\"installed\":true,\"version\":\"8.13.0\",\"resolution\":\"D:\\\\amazon_clone\\\\amazon-clone\\\\functions\\\\node_modules\\\\firebase-admin\\\\lib\\\\index.js\"}"}}
[debug] [2021-05-11T08:20:56.596Z] [runtime-status] [15708] Resolved module firebase-functions {"declared":true,"installed":true,"version":"3.13.2","resolution":"D:\\amazon_clone\\amazon-clone\\functions\\node_modules\\firebase-functions\\lib\\index.js"} {"metadata":{"emulator":{"name":"functions"},"function":{"name":"api"},"message":"[runtime-status] [15708] Resolved module firebase-functions {\"declared\":true,\"installed\":true,\"version\":\"3.13.2\",\"resolution\":\"D:\\\\amazon_clone\\\\amazon-clone\\\\functions\\\\node_modules\\\\firebase-functions\\\\lib\\\\index.js\"}"}}
[debug] [2021-05-11T08:20:56.597Z] [runtime-status] [15708] Resolved module firebase-functions {"declared":true,"installed":true,"version":"3.13.2","resolution":"D:\\amazon_clone\\amazon-clone\\functions\\node_modules\\firebase-functions\\lib\\index.js"} {"metadata":{"emulator":{"name":"functions"},"function":{"name":"api"},"message":"[runtime-status] [15708] Resolved module firebase-functions {\"declared\":true,\"installed\":true,\"version\":\"3.13.2\",\"resolution\":\"D:\\\\amazon_clone\\\\amazon-clone\\\\functions\\\\node_modules\\\\firebase-functions\\\\lib\\\\index.js\"}"}}
[debug] [2021-05-11T08:20:56.599Z] [runtime-status] [15708] Outgoing network have been stubbed. [{"name":"http","status":"mocked"},{"name":"http","status":"mocked"},{"name":"https","status":"mocked"},{"name":"https","status":"mocked"},{"name":"net","status":"mocked"}] {"metadata":{"emulator":{"name":"functions"},"function":{"name":"api"},"message":"[runtime-status] [15708] Outgoing network have been stubbed. [{\"name\":\"http\",\"status\":\"mocked\"},{\"name\":\"http\",\"status\":\"mocked\"},{\"name\":\"https\",\"status\":\"mocked\"},{\"name\":\"https\",\"status\":\"mocked\"},{\"name\":\"net\",\"status\":\"mocked\"}]"}}
[debug] [2021-05-11T08:20:56.600Z] [runtime-status] [15708] Resolved module firebase-functions {"declared":true,"installed":true,"version":"3.13.2","resolution":"D:\\amazon_clone\\amazon-clone\\functions\\node_modules\\firebase-functions\\lib\\index.js"} {"metadata":{"emulator":{"name":"functions"},"function":{"name":"api"},"message":"[runtime-status] [15708] Resolved module firebase-functions {\"declared\":true,\"installed\":true,\"version\":\"3.13.2\",\"resolution\":\"D:\\\\amazon_clone\\\\amazon-clone\\\\functions\\\\node_modules\\\\firebase-functions\\\\lib\\\\index.js\"}"}}
[debug] [2021-05-11T08:20:56.661Z] [runtime-status] [15708] Checked functions.config() {"config":{}} {"metadata":{"emulator":{"name":"functions"},"function":{"name":"api"},"message":"[runtime-status] [15708] Checked functions.config() {\"config\":{}}"}}
[debug] [2021-05-11T08:20:56.661Z] [runtime-status] [15708] firebase-functions has been stubbed. {"functionsResolution":{"declared":true,"installed":true,"version":"3.13.2","resolution":"D:\\amazon_clone\\amazon-clone\\functions\\node_modules\\firebase-functions\\lib\\index.js"}} {"metadata":{"emulator":{"name":"functions"},"function":{"name":"api"},"message":"[runtime-status] [15708] firebase-functions has been stubbed. {\"functionsResolution\":{\"declared\":true,\"installed\":true,\"version\":\"3.13.2\",\"resolution\":\"D:\\\\amazon_clone\\\\amazon-clone\\\\functions\\\\node_modules\\\\firebase-functions\\\\lib\\\\index.js\"}}"}}
[debug] [2021-05-11T08:20:56.662Z] [runtime-status] [15708] Resolved module firebase-functions {"declared":true,"installed":true,"version":"3.13.2","resolution":"D:\\amazon_clone\\amazon-clone\\functions\\node_modules\\firebase-functions\\lib\\index.js"} {"metadata":{"emulator":{"name":"functions"},"function":{"name":"api"},"message":"[runtime-status] [15708] Resolved module firebase-functions {\"declared\":true,\"installed\":true,\"version\":\"3.13.2\",\"resolution\":\"D:\\\\amazon_clone\\\\amazon-clone\\\\functions\\\\node_modules\\\\firebase-functions\\\\lib\\\\index.js\"}"}}
[debug] [2021-05-11T08:20:56.663Z] [runtime-status] [15708] Resolved module firebase-admin {"declared":true,"installed":true,"version":"8.13.0","resolution":"D:\\amazon_clone\\amazon-clone\\functions\\node_modules\\firebase-admin\\lib\\index.js"} {"metadata":{"emulator":{"name":"functions"},"function":{"name":"api"},"message":"[runtime-status] [15708] Resolved module firebase-admin {\"declared\":true,\"installed\":true,\"version\":\"8.13.0\",\"resolution\":\"D:\\\\amazon_clone\\\\amazon-clone\\\\functions\\\\node_modules\\\\firebase-admin\\\\lib\\\\index.js\"}"}}
[debug] [2021-05-11T08:20:56.664Z] [runtime-status] [15708] Resolved module firebase-functions {"declared":true,"installed":true,"version":"3.13.2","resolution":"D:\\amazon_clone\\amazon-clone\\functions\\node_modules\\firebase-functions\\lib\\index.js"} {"metadata":{"emulator":{"name":"functions"},"function":{"name":"api"},"message":"[runtime-status] [15708] Resolved module firebase-functions {\"declared\":true,\"installed\":true,\"version\":\"3.13.2\",\"resolution\":\"D:\\\\amazon_clone\\\\amazon-clone\\\\functions\\\\node_modules\\\\firebase-functions\\\\lib\\\\index.js\"}"}}
[debug] [2021-05-11T08:20:56.664Z] [runtime-status] [15708] firebase-admin has been stubbed. {"adminResolution":{"declared":true,"installed":true,"version":"8.13.0","resolution":"D:\\amazon_clone\\amazon-clone\\functions\\node_modules\\firebase-admin\\lib\\index.js"}} {"metadata":{"emulator":{"name":"functions"},"function":{"name":"api"},"message":"[runtime-status] [15708] firebase-admin has been stubbed. {\"adminResolution\":{\"declared\":true,\"installed\":true,\"version\":\"8.13.0\",\"resolution\":\"D:\\\\amazon_clone\\\\amazon-clone\\\\functions\\\\node_modules\\\\firebase-admin\\\\lib\\\\index.js\"}}"}}
[debug] [2021-05-11T08:20:56.885Z] [runtime-status] [15708] Trigger "api" has been found, beginning invocation! {"metadata":{"emulator":{"name":"functions"},"function":{"name":"api"},"message":"[runtime-status] [15708] Trigger \"api\" has been found, beginning invocation!"}}
[info] i  functions: Beginning execution of "api" {"metadata":{"emulator":{"name":"functions"},"function":{"name":"api"},"message":"Beginning execution of \"api\""}}
[debug] [2021-05-11T08:20:56.887Z] [runtime-status] [15708] triggerDefinition {"httpsTrigger":{},"name":"api","entryPoint":"api"} {"metadata":{"emulator":{"name":"functions"},"function":{"name":"api"},"message":"[runtime-status] [15708] triggerDefinition {\"httpsTrigger\":{},\"name\":\"api\",\"entryPoint\":\"api\"}"}}
[debug] [2021-05-11T08:20:56.887Z] [runtime-status] [15708] Running api in mode HTTPS {"metadata":{"emulator":{"name":"functions"},"function":{"name":"api"},"message":"[runtime-status] [15708] Running api in mode HTTPS"}}
[debug] [2021-05-11T08:20:56.892Z] [runtime-status] [15708] Attempting to listen to socketPath: \\?\pipe\D:\amazon_clone\amazon-clone\functions\15708 {"metadata":{"emulator":{"name":"functions"},"function":{"name":"api"},"message":"[runtime-status] [15708] Attempting to listen to socketPath: \\\\?\\pipe\\D:\\amazon_clone\\amazon-clone\\functions\\15708"}}
[debug] [2021-05-11T08:20:56.896Z] [functions] Runtime ready! Sending request! {"metadata":{"emulator":{"name":"functions"},"message":"[functions] Runtime ready! Sending request!"}}
[debug] [2021-05-11T08:20:56.906Z] [runtime-status] [15708] Ephemeral server handling POST request {"metadata":{"emulator":{"name":"functions"},"function":{"name":"api"},"message":"[runtime-status] [15708] Ephemeral server handling POST request"}}
[info] >  Payment request recieved for this amount >>>>  899 {"user":"Payment request recieved for this amount >>>>  899","metadata":{"emulator":{"name":"functions"},"function":{"name":"api"},"message":"\u001b[90m> \u001b[39m Payment request recieved for this amount >>>>  899"}}
[debug] [2021-05-11T08:20:56.953Z] [runtime-status] [15708] Ephemeral server survived. {"metadata":{"emulator":{"name":"functions"},"function":{"name":"api"},"message":"[runtime-status] [15708] Ephemeral server survived."}}
[info] i  functions: Finished "api" in ~7s {"metadata":{"emulator":{"name":"functions"},"function":{"name":"api"},"message":"Finished \"api\" in ~7s"}}
[debug] [2021-05-11T08:21:04.735Z] [worker-api-f96a011f-4f87-468f-a132-940253e2105e]: IDLE {"metadata":{"emulator":{"name":"functions"},"message":"[worker-api-f96a011f-4f87-468f-a132-940253e2105e]: IDLE"}}
[debug] [2021-05-11T08:21:04.735Z] [work-queue] {"queueLength":0,"workRunningCount":0}
[debug] [2021-05-11T08:21:18.668Z] [work-queue] {"queueLength":1,"workRunningCount":0}
[debug] [2021-05-11T08:21:18.669Z] [work-queue] {"queueLength":0,"workRunningCount":1}
[debug] [2021-05-11T08:21:18.669Z] Accepted request POST /clone-58609/us-central1/api/payments/create?total=0 --> api
[debug] [2021-05-11T08:21:18.669Z] [worker-pool] submitWork(triggerId=api) {"metadata":{"emulator":{"name":"functions"},"message":"[worker-pool] submitWork(triggerId=api)"}}
[debug] [2021-05-11T08:21:18.669Z] [worker-api-f96a011f-4f87-468f-a132-940253e2105e]: Assigning socketPath: \\?\pipe\D:\amazon_clone\amazon-clone\functions\15708 {"metadata":{"emulator":{"name":"functions"},"message":"[worker-api-f96a011f-4f87-468f-a132-940253e2105e]: Assigning socketPath: \\\\?\\pipe\\D:\\amazon_clone\\amazon-clone\\functions\\15708"}}
[debug] [2021-05-11T08:21:18.669Z] [worker-api-f96a011f-4f87-468f-a132-940253e2105e]: BUSY {"metadata":{"emulator":{"name":"functions"},"message":"[worker-api-f96a011f-4f87-468f-a132-940253e2105e]: BUSY"}}
[debug] [2021-05-11T08:21:18.670Z] [runtime-status] [15708] Trigger "api" has been found, beginning invocation! {"metadata":{"emulator":{"name":"functions"},"function":{"name":"api"},"message":"[runtime-status] [15708] Trigger \"api\" has been found, beginning invocation!"}}
[info] i  functions: Beginning execution of "api" {"metadata":{"emulator":{"name":"functions"},"function":{"name":"api"},"message":"Beginning execution of \"api\""}}
[debug] [2021-05-11T08:21:18.672Z] [runtime-status] [15708] triggerDefinition {"httpsTrigger":{},"name":"api","entryPoint":"api"} {"metadata":{"emulator":{"name":"functions"},"function":{"name":"api"},"message":"[runtime-status] [15708] triggerDefinition {\"httpsTrigger\":{},\"name\":\"api\",\"entryPoint\":\"api\"}"}}
[debug] [2021-05-11T08:21:18.672Z] [runtime-status] [15708] Running api in mode HTTPS {"metadata":{"emulator":{"name":"functions"},"function":{"name":"api"},"message":"[runtime-status] [15708] Running api in mode HTTPS"}}
[debug] [2021-05-11T08:21:18.672Z] [runtime-status] [15708] Attempting to listen to socketPath: \\?\pipe\D:\amazon_clone\amazon-clone\functions\15708 {"metadata":{"emulator":{"name":"functions"},"function":{"name":"api"},"message":"[runtime-status] [15708] Attempting to listen to socketPath: \\\\?\\pipe\\D:\\amazon_clone\\amazon-clone\\functions\\15708"}}
[debug] [2021-05-11T08:21:18.674Z] [functions] Runtime ready! Sending request! {"metadata":{"emulator":{"name":"functions"},"message":"[functions] Runtime ready! Sending request!"}}
[debug] [2021-05-11T08:21:18.681Z] [runtime-status] [15708] Ephemeral server handling POST request {"metadata":{"emulator":{"name":"functions"},"function":{"name":"api"},"message":"[runtime-status] [15708] Ephemeral server handling POST request"}}
[info] >  Payment request recieved for this amount >>>>  0 {"user":"Payment request recieved for this amount >>>>  0","metadata":{"emulator":{"name":"functions"},"function":{"name":"api"},"message":"\u001b[90m> \u001b[39m Payment request recieved for this amount >>>>  0"}}
[debug] [2021-05-11T08:21:18.684Z] [runtime-status] [15708] Ephemeral server survived. {"metadata":{"emulator":{"name":"functions"},"function":{"name":"api"},"message":"[runtime-status] [15708] Ephemeral server survived."}}
[info] >  (node:15708) UnhandledPromiseRejectionWarning: Error: This value must be greater than or equal to 1. {"user":"(node:15708) UnhandledPromiseRejectionWarning: Error: This value must be greater than or equal to 1.","metadata":{"emulator":{"name":"functions"},"function":{"name":"api"},"message":"\u001b[90m> \u001b[39m (node:15708) UnhandledPromiseRejectionWarning: Error: This value must be greater than or equal to 1."}}
[info] >      at Function.generate (D:\amazon_clone\amazon-clone\functions\node_modules\stripe\lib\Error.js:40:16) {"user":"    at Function.generate (D:\\amazon_clone\\amazon-clone\\functions\\node_modules\\stripe\\lib\\Error.js:40:16)","metadata":{"emulator":{"name":"functions"},"function":{"name":"api"},"message":"\u001b[90m> \u001b[39m     at Function.generate (D:\\amazon_clone\\amazon-clone\\functions\\node_modules\\stripe\\lib\\Error.js:40:16)"}}
[info] >      at IncomingMessage.<anonymous> (D:\amazon_clone\amazon-clone\functions\node_modules\stripe\lib\StripeResource.js:180:33) {"user":"    at IncomingMessage.<anonymous> (D:\\amazon_clone\\amazon-clone\\functions\\node_modules\\stripe\\lib\\StripeResource.js:180:33)","metadata":{"emulator":{"name":"functions"},"function":{"name":"api"},"message":"\u001b[90m> \u001b[39m     at IncomingMessage.<anonymous> (D:\\amazon_clone\\amazon-clone\\functions\\node_modules\\stripe\\lib\\StripeResource.js:180:33)"}}
[info] >      at Object.onceWrapper (events.js:416:28) {"user":"    at Object.onceWrapper (events.js:416:28)","metadata":{"emulator":{"name":"functions"},"function":{"name":"api"},"message":"\u001b[90m> \u001b[39m     at Object.onceWrapper (events.js:416:28)"}}
[info] >      at IncomingMessage.emit (events.js:322:22) {"user":"    at IncomingMessage.emit (events.js:322:22)","metadata":{"emulator":{"name":"functions"},"function":{"name":"api"},"message":"\u001b[90m> \u001b[39m     at IncomingMessage.emit (events.js:322:22)"}}
[info] >      at endReadableNT (_stream_readable.js:1187:12) {"user":"    at endReadableNT (_stream_readable.js:1187:12)","metadata":{"emulator":{"name":"functions"},"function":{"name":"api"},"message":"\u001b[90m> \u001b[39m     at endReadableNT (_stream_readable.js:1187:12)"}}
[info] >      at processTicksAndRejections (internal/process/task_queues.js:84:21) {"user":"    at processTicksAndRejections (internal/process/task_queues.js:84:21)","metadata":{"emulator":{"name":"functions"},"function":{"name":"api"},"message":"\u001b[90m> \u001b[39m     at processTicksAndRejections (internal/process/task_queues.js:84:21)"}}
[info] >  (node:15708) UnhandledPromiseRejectionWarning: Unhandled promise rejection. This error originated either by throwing inside of an async function without a catch block, or by rejecting a promise which was not handled with .catch(). To terminate the node process on unhandled promise rejection, use the CLI flag `--unhandled-rejections=strict` (see https://nodejs.org/api/cli.html#cli_unhandled_rejections_mode). (rejection id: 1) {"user":"(node:15708) UnhandledPromiseRejectionWarning: Unhandled promise rejection. This error originated either by throwing inside of an async function without a catch block, or by rejecting a promise which was not handled with .catch(). To terminate the node process on unhandled promise rejection, use the CLI flag `--unhandled-rejections=strict` (see https://nodejs.org/api/cli.html#cli_unhandled_rejections_mode). (rejection id: 1)","metadata":{"emulator":{"name":"functions"},"function":{"name":"api"},"message":"\u001b[90m> \u001b[39m (node:15708) UnhandledPromiseRejectionWarning: Unhandled promise rejection. This error originated either by throwing inside of an async function without a catch block, or by rejecting a promise which was not handled with .catch(). To terminate the node process on unhandled promise rejection, use the CLI flag `--unhandled-rejections=strict` (see https://nodejs.org/api/cli.html#cli_unhandled_rejections_mode). (rejection id: 1)"}}
[info] >  (node:15708) [DEP0018] DeprecationWarning: Unhandled promise rejections are deprecated. In the future, promise rejections that are not handled will terminate the Node.js process with a non-zero exit code. {"user":"(node:15708) [DEP0018] DeprecationWarning: Unhandled promise rejections are deprecated. In the future, promise rejections that are not handled will terminate the Node.js process with a non-zero exit code.","metadata":{"emulator":{"name":"functions"},"function":{"name":"api"},"message":"\u001b[90m> \u001b[39m (node:15708) [DEP0018] DeprecationWarning: Unhandled promise rejections are deprecated. In the future, promise rejections that are not handled will terminate the Node.js process with a non-zero exit code."}}
[warn] !  functions: Your function timed out after ~60s. To configure this timeout, see
      https://firebase.google.com/docs/functions/manage-functions#set_timeout_and_memory_allocation. {"metadata":{"emulator":{"name":"functions"},"function":{"name":"api"},"message":"Your function timed out after ~60s. To configure this timeout, see\n      https://firebase.google.com/docs/functions/manage-functions#set_timeout_and_memory_allocation."}}
[info] >  C:\Users\Prashanth\AppData\Roaming\npm\node_modules\firebase-tools\lib\emulator\functionsEmulatorRuntime.js:642 {"user":"C:\\Users\\Prashanth\\AppData\\Roaming\\npm\\node_modules\\firebase-tools\\lib\\emulator\\functionsEmulatorRuntime.js:642\r","metadata":{"emulator":{"name":"functions"},"function":{"name":"api"},"message":"\u001b[90m> \u001b[39m C:\\Users\\Prashanth\\AppData\\Roaming\\npm\\node_modules\\firebase-tools\\lib\\emulator\\functionsEmulatorRuntime.js:642\r"}}
[info] >                  throw new Error("Function timed out."); {"user":"                throw new Error(\"Function timed out.\");\r","metadata":{"emulator":{"name":"functions"},"function":{"name":"api"},"message":"\u001b[90m> \u001b[39m                 throw new Error(\"Function timed out.\");\r"}}
[info] >                  ^ {"user":"                ^\r","metadata":{"emulator":{"name":"functions"},"function":{"name":"api"},"message":"\u001b[90m> \u001b[39m                 ^\r"}}
[info] >   {"user":"\r","metadata":{"emulator":{"name":"functions"},"function":{"name":"api"},"message":"\u001b[90m> \u001b[39m \r"}}
[info] >  Error: Function timed out. {"user":"Error: Function timed out.\r","metadata":{"emulator":{"name":"functions"},"function":{"name":"api"},"message":"\u001b[90m> \u001b[39m Error: Function timed out.\r"}}
[info] >      at Timeout._onTimeout (C:\Users\Prashanth\AppData\Roaming\npm\node_modules\firebase-tools\lib\emulator\functionsEmulatorRuntime.js:642:23) {"user":"    at Timeout._onTimeout (C:\\Users\\Prashanth\\AppData\\Roaming\\npm\\node_modules\\firebase-tools\\lib\\emulator\\functionsEmulatorRuntime.js:642:23)\r","metadata":{"emulator":{"name":"functions"},"function":{"name":"api"},"message":"\u001b[90m> \u001b[39m     at Timeout._onTimeout (C:\\Users\\Prashanth\\AppData\\Roaming\\npm\\node_modules\\firebase-tools\\lib\\emulator\\functionsEmulatorRuntime.js:642:23)\r"}}
[info] >      at listOnTimeout (internal/timers.js:549:17) {"user":"    at listOnTimeout (internal/timers.js:549:17)\r","metadata":{"emulator":{"name":"functions"},"function":{"name":"api"},"message":"\u001b[90m> \u001b[39m     at listOnTimeout (internal/timers.js:549:17)\r"}}
[info] >      at processTimers (internal/timers.js:492:7) {"user":"    at processTimers (internal/timers.js:492:7)\r","metadata":{"emulator":{"name":"functions"},"function":{"name":"api"},"message":"\u001b[90m> \u001b[39m     at processTimers (internal/timers.js:492:7)\r"}}
[debug] [2021-05-11T08:22:18.696Z] [worker-api-f96a011f-4f87-468f-a132-940253e2105e]: exited {"metadata":{"emulator":{"name":"functions"},"message":"[worker-api-f96a011f-4f87-468f-a132-940253e2105e]: exited"}}
[debug] [2021-05-11T08:22:18.697Z] [worker-api-f96a011f-4f87-468f-a132-940253e2105e]: FINISHED {"metadata":{"emulator":{"name":"functions"},"message":"[worker-api-f96a011f-4f87-468f-a132-940253e2105e]: FINISHED"}}
[debug] [2021-05-11T08:22:18.697Z] [work-queue] {"queueLength":0,"workRunningCount":0}
